<?xml version="1.0" encoding="UTF-8"?>
<!-- Generated by org.testng.reporters.JUnitReportReporter -->
<testsuite hostname="Yunus_Beg" failures="0" tests="1" name="suiteA.TestA3" time="2.012" errors="0" timestamp="2024-12-22T18:02:50 IST" skipped="0">
  <testcase classname="suiteA.TestA3" name="testA3" time="2.012"/>
  <system-out/>
</testsuite> <!-- suiteA.TestA3 -->
