<?xml version="1.0" encoding="UTF-8"?>
<!-- Generated by org.testng.reporters.JUnitReportReporter -->
<testsuite hostname="Yunus_Beg" failures="0" tests="5" name="tests.LoginTest" time="0.037" errors="0" timestamp="2024-12-26T21:20:29 IST" skipped="0">
  <testcase classname="tests.LoginTest" name="loginWithValidCredientials" time="0.019"/>
  <system-out/>
  <testcase classname="tests.LoginTest" name="loginWithInvalidUser" time="0.008"/>
  <system-out/>
  <testcase classname="tests.LoginTest" name="loginWithInvalidPassword" time="0.003"/>
  <system-out/>
  <testcase classname="tests.LoginTest" name="loginWithInvalidCredientials" time="0.003"/>
  <system-out/>
  <testcase classname="tests.LoginTest" name="loginWithEmptyFields" time="0.004"/>
  <system-out/>
</testsuite> <!-- tests.LoginTest -->
