<?xml version="1.0" encoding="UTF-8"?>
<!-- Generated by org.testng.reporters.JUnitReportReporter -->
<testsuite hostname="Yunus_Beg" failures="0" tests="4" name="tests.RegisterTest" time="0.034" errors="0" timestamp="2024-12-26T21:15:48 IST" skipped="0">
  <testcase classname="tests.RegisterTest" name="registerWithMandotoryFields" time="0.013"/>
  <system-out/>
  <testcase classname="tests.RegisterTest" name="registerWithAllFields" time="0.003"/>
  <system-out/>
  <testcase classname="tests.RegisterTest" name="registerWithDuplicateFields" time="0.004"/>
  <system-out/>
  <testcase classname="tests.RegisterTest" name="registerWithEmptyFields" time="0.014"/>
  <system-out/>
</testsuite> <!-- tests.RegisterTest -->
