<?xml version="1.0" encoding="UTF-8"?>
<!-- Generated by org.testng.reporters.JUnitReportReporter -->
<testsuite hostname="Yunus_Beg" failures="0" tests="2" name="testNGPack.TestNGDataDependencyBetweenTests" time="0.015" errors="0" timestamp="2024-12-23T20:09:51 IST" skipped="0">
  <testcase classname="testNGPack.TestNGDataDependencyBetweenTests" name="test2" time="0.002"/>
  <system-out/>
  <testcase classname="testNGPack.TestNGDataDependencyBetweenTests" name="test1" time="0.013"/>
  <system-out/>
</testsuite> <!-- testNGPack.TestNGDataDependencyBetweenTests -->
