<?xml version="1.0" encoding="UTF-8"?>
<!-- Generated by org.testng.reporters.JUnitReportReporter -->
<testsuite hostname="Yunus_Beg" failures="0" tests="3" name="testNGPack.TNG_001" time="0.023" errors="0" timestamp="2024-12-18T19:12:30 IST" skipped="1">
  <testcase classname="testNGPack.TNG_001" name="a" time="0.020"/>
  <system-out/>
  <testcase classname="testNGPack.TNG_001" name="f" time="0.003"/>
  <system-out/>
  <testcase classname="testNGPack.TNG_001" name="z">
    <skipped/>
  </testcase> <!-- z -->
  <system-out/>
</testsuite> <!-- testNGPack.TNG_001 -->
