<?xml version="1.0" encoding="UTF-8"?>
<!-- Generated by org.testng.reporters.JUnitReportReporter -->
<testsuite hostname="Yunus_Beg" failures="0" tests="4" name="tests.RegisterTest1" time="0.068" errors="0" timestamp="2024-12-26T21:44:33 IST" skipped="0">
  <testcase classname="tests.RegisterTest1" name="registerWithDuplicateFields" time="0.025"/>
  <system-out/>
  <testcase classname="tests.RegisterTest1" name="registerWithMandotoryFields" time="0.037"/>
  <system-out/>
  <testcase classname="tests.RegisterTest1" name="registerWithAllFields" time="0.004"/>
  <system-out/>
  <testcase classname="tests.RegisterTest1" name="registerWithEmptyFields" time="0.002"/>
  <system-out/>
</testsuite> <!-- tests.RegisterTest1 -->
