<?xml version="1.0" encoding="UTF-8"?>
<!-- Generated by org.testng.reporters.JUnitReportReporter -->
<testsuite hostname="Yunus_Beg" failures="0" tests="3" name="tests.SearchTest" time="0.027" errors="0" timestamp="2024-12-26T21:20:29 IST" skipped="0">
  <testcase classname="tests.SearchTest" name="searchWithValidProduct" time="0.002"/>
  <system-out/>
  <testcase classname="tests.SearchTest" name="searchWithInvalidProduct" time="0.008"/>
  <system-out/>
  <testcase classname="tests.SearchTest" name="searchWithEmptyProduct" time="0.017"/>
  <system-out/>
</testsuite> <!-- tests.SearchTest -->
