<?xml version="1.0" encoding="UTF-8"?>
<!-- Generated by org.testng.reporters.JUnitReportReporter -->
<testsuite hostname="Yunus_Beg" failures="0" tests="3" name="tests.SearchTest1" time="0.056" errors="0" timestamp="2024-12-20T23:10:31 IST" skipped="0">
  <testcase classname="tests.SearchTest1" name="searchWithValidProduct1" time="0.019"/>
  <system-out/>
  <testcase classname="tests.SearchTest1" name="searchWithInvalidProduct1" time="0.008"/>
  <system-out/>
  <testcase classname="tests.SearchTest1" name="searchWithEmptyProduct1" time="0.029"/>
  <system-out/>
</testsuite> <!-- tests.SearchTest1 -->
